servers_address.json not found: C:\AI-Pacs codes\PacsClient V2(5jan)\PacsClientV2\config\servers_address.json
servers_address.json not found: C:\AI-Pacs codes\PacsClient V2(5jan)\PacsClientV2\config\servers_address.json
servers_address.json not found: C:\AI-Pacs codes\PacsClient V2(5jan)\PacsClientV2\config\servers_address.json
✅ Module Execution Framework initialized (5 modules registered)
✅ Authenticated as: vahid (admin)
✅ Token stored in TokenManager for socket requests
✓ Shortcuts initialized: F5 (Home), F6 (Chatbot), F7 (Recording), F8 (Report)
✓ Arrow shortcuts: Up/Down (Slice), Left/Right (Series)
✓ All shortcuts set to ApplicationShortcut (work everywhere)
✓ Shortcut Manager initialized
Anti-aliasing applied to patient table
🔌 Connecting thumbnailClicked signal...
✅ thumbnailClicked signal connected!
Loading config from: C:\AI-Pacs codes\PacsClient V2(5jan)\PacsClientV2\config\filter_settings.json
Updating UI from settings...
UI updated successfully
✅ Preset config loaded successfully
Config path: C:\AI-Pacs codes\PacsClient V2(5jan)\PacsClientV2\config\filter_settings.json
Config path exists: True
📂 Light Viewer settings loaded from: C:\Users\vahid\AppData\Roaming\PacsClient\config\lightviewer_settings.json
[DEBUG] set_control_panel called with: <PacsClient.pacs.workstation_ui.AIPacs_ui.ControlPanelInterface(0x2849ffccce0) at 0x000002849E5C1C00>
[DEBUG] Has 'ui' attr: True
[DEBUG] ui = <PacsClient.pacs.workstation_ui.AIPacs_ui.ControlPanelWindow object at 0x000002849D975CA0>
[DEBUG] Has 'home_widget' attr: True
[DEBUG] Has 'mainPages' attr: True
✓ Home widget connected to shortcut manager: <PacsClient.pacs.workstation_ui.home_ui.home_ui.HomePanelWidget(0x284a061b2a0) at 0x00000284A10F9280>
✓ Shortcut Manager connected to Control Panel
